# JRE version: OpenJDK Runtime Environment (19.0.2+7) (build 19.0.2+7)
# Java VM: OpenJDK 64-Bit Server VM (19.0.2+7, mixed mode, tiered, compressed oops, compressed class ptrs, g1 gc, linux-amd64)
GC Precious Log:
 CardTable entry size: 512
 Card Set container configuration: InlinePtr #cards 4 size 8 Array Of Cards #cards 32 size 80 Howl #buckets 8 coarsen threshold 7372 Howl Bitmap #cards 1024 size 144 coarsen threshold 921 Card regions per heap region 1 cards per card region 8192
 CPUs: 16 total, 16 available
 Memory: 32024M
 Large Page Support: Disabled
 NUMA Support: Disabled
 Compressed Oops: Enabled (Zero based)
 Heap Region Size: 4M
 Heap Min Capacity: 8M
 Heap Initial Capacity: 504M
 Heap Max Capacity: 8008M
 Pre-touch: Disabled
 Parallel Workers: 13
 Concurrent Workers: 3
 Concurrent Refinement Workers: 13
 Periodic GC: Disabled
Heap:
 garbage-first heap   total 286720K, used 32978K [0x000000060b800000, 0x0000000800000000)
  region size 4096K, 7 young (28672K), 6 survivors (24576K)
 Metaspace       used 35725K, committed 36032K, reserved 1114112K
  class space    used 3566K, committed 3712K, reserved 1048576K
GC Heap History (14 events):
Event: 0.299 GC heap before
{Heap before GC invocations=0 (full 0):
 garbage-first heap   total 516096K, used 24576K [0x000000060b800000, 0x0000000800000000)
  region size 4096K, 6 young (24576K), 0 survivors (0K)
 Metaspace       used 13843K, committed 14016K, reserved 1114112K
  class space    used 1298K, committed 1344K, reserved 1048576K
}
Event: 0.304 GC heap after
{Heap after GC invocations=1 (full 0):
 garbage-first heap   total 516096K, used 3640K [0x000000060b800000, 0x0000000800000000)
  region size 4096K, 1 young (4096K), 1 survivors (4096K)
 Metaspace       used 13843K, committed 14016K, reserved 1114112K
  class space    used 1298K, committed 1344K, reserved 1048576K
}
Event: 0.607 GC heap before
{Heap before GC invocations=1 (full 0):
 garbage-first heap   total 516096K, used 36408K [0x000000060b800000, 0x0000000800000000)
  region size 4096K, 9 young (36864K), 1 survivors (4096K)
 Metaspace       used 19535K, committed 19776K, reserved 1114112K
  class space    used 1985K, committed 2112K, reserved 1048576K
}
Event: 0.612 GC heap after
{Heap after GC invocations=2 (full 0):
 garbage-first heap   total 516096K, used 5880K [0x000000060b800000, 0x0000000800000000)
  region size 4096K, 2 young (8192K), 2 survivors (8192K)
 Metaspace       used 19535K, committed 19776K, reserved 1114112K
  class space    used 1985K, committed 2112K, reserved 1048576K
}
Event: 0.691 GC heap before
{Heap before GC invocations=2 (full 0):
 garbage-first heap   total 516096K, used 9976K [0x000000060b800000, 0x0000000800000000)
  region size 4096K, 4 young (16384K), 2 survivors (8192K)
 Metaspace       used 21239K, committed 21504K, reserved 1114112K
  class space    used 2151K, committed 2304K, reserved 1048576K
}
Event: 0.694 GC heap after
{Heap after GC invocations=3 (full 0):
 garbage-first heap   total 516096K, used 6847K [0x000000060b800000, 0x0000000800000000)
  region size 4096K, 2 young (8192K), 2 survivors (8192K)
 Metaspace       used 21239K, committed 21504K, reserved 1114112K
  class space    used 2151K, committed 2304K, reserved 1048576K
}
Event: 0.833 GC heap before
{Heap before GC invocations=4 (full 0):
 garbage-first heap   total 40960K, used 39615K [0x000000060b800000, 0x0000000800000000)
  region size 4096K, 10 young (40960K), 2 survivors (8192K)
 Metaspace       used 22264K, committed 22592K, reserved 1114112K
  class space    used 2222K, committed 2368K, reserved 1048576K
}
Event: 0.838 GC heap after
{Heap after GC invocations=5 (full 0):
 garbage-first heap   total 53248K, used 10264K [0x000000060b800000, 0x0000000800000000)
  region size 4096K, 3 young (12288K), 3 survivors (12288K)
 Metaspace       used 22264K, committed 22592K, reserved 1114112K
  class space    used 2222K, committed 2368K, reserved 1048576K
}
Event: 0.908 GC heap before
{Heap before GC invocations=5 (full 0):
 garbage-first heap   total 53248K, used 26648K [0x000000060b800000, 0x0000000800000000)
  region size 4096K, 7 young (28672K), 3 survivors (12288K)
 Metaspace       used 22508K, committed 22784K, reserved 1114112K
  class space    used 2235K, committed 2368K, reserved 1048576K
}
Event: 0.915 GC heap after
{Heap after GC invocations=6 (full 0):
 garbage-first heap   total 53248K, used 12166K [0x000000060b800000, 0x0000000800000000)
  region size 4096K, 1 young (4096K), 1 survivors (4096K)
 Metaspace       used 22508K, committed 22784K, reserved 1114112K
  class space    used 2235K, committed 2368K, reserved 1048576K
}
Event: 0.973 GC heap before
{Heap before GC invocations=6 (full 0):
 garbage-first heap   total 53248K, used 28550K [0x000000060b800000, 0x0000000800000000)
  region size 4096K, 5 young (20480K), 1 survivors (4096K)
 Metaspace       used 22761K, committed 23040K, reserved 1114112K
  class space    used 2237K, committed 2368K, reserved 1048576K
}
Event: 0.975 GC heap after
{Heap after GC invocations=7 (full 0):
 garbage-first heap   total 286720K, used 12651K [0x000000060b800000, 0x0000000800000000)
  region size 4096K, 1 young (4096K), 1 survivors (4096K)
 Metaspace       used 22761K, committed 23040K, reserved 1114112K
  class space    used 2237K, committed 2368K, reserved 1048576K
}
Event: 1.832 GC heap before
{Heap before GC invocations=7 (full 0):
 garbage-first heap   total 286720K, used 127339K [0x000000060b800000, 0x0000000800000000)
  region size 4096K, 31 young (126976K), 1 survivors (4096K)
 Metaspace       used 35657K, committed 35968K, reserved 1114112K
  class space    used 3559K, committed 3712K, reserved 1048576K
}
Event: 1.840 GC heap after
{Heap after GC invocations=8 (full 0):
 garbage-first heap   total 286720K, used 32978K [0x000000060b800000, 0x0000000800000000)
  region size 4096K, 6 young (24576K), 6 survivors (24576K)
 Metaspace       used 35657K, committed 35968K, reserved 1114112K
  class space    used 3559K, committed 3712K, reserved 1048576K
}

