# JRE version: OpenJDK Runtime Environment (19.0.2+7) (build 19.0.2+7)
# Java VM: OpenJDK 64-Bit Server VM (19.0.2+7, mixed mode, tiered, compressed oops, compressed class ptrs, g1 gc, linux-amd64)
GC Precious Log:
 CardTable entry size: 512
 Card Set container configuration: InlinePtr #cards 4 size 8 Array Of Cards #cards 32 size 80 Howl #buckets 8 coarsen threshold 7372 Howl Bitmap #cards 1024 size 144 coarsen threshold 921 Card regions per heap region 1 cards per card region 8192
 CPUs: 16 total, 16 available
 Memory: 32024M
 Large Page Support: Disabled
 NUMA Support: Disabled
 Compressed Oops: Enabled (Zero based)
 Heap Region Size: 4M
 Heap Min Capacity: 8M
 Heap Initial Capacity: 504M
 Heap Max Capacity: 8008M
 Pre-touch: Disabled
 Parallel Workers: 13
 Concurrent Workers: 3
 Concurrent Refinement Workers: 13
 Periodic GC: Disabled
Heap:
 garbage-first heap   total 286720K, used 159558K [0x000000060b800000, 0x0000000800000000)
  region size 4096K, 34 young (139264K), 6 survivors (24576K)
 Metaspace       used 35646K, committed 35968K, reserved 1114112K
  class space    used 3561K, committed 3712K, reserved 1048576K
GC Heap History (13 events):
Event: 0.314 GC heap before
{Heap before GC invocations=0 (full 0):
 garbage-first heap   total 516096K, used 24576K [0x000000060b800000, 0x0000000800000000)
  region size 4096K, 6 young (24576K), 0 survivors (0K)
 Metaspace       used 13849K, committed 13952K, reserved 1114112K
  class space    used 1295K, committed 1344K, reserved 1048576K
}
Event: 0.319 GC heap after
{Heap after GC invocations=1 (full 0):
 garbage-first heap   total 516096K, used 3736K [0x000000060b800000, 0x0000000800000000)
  region size 4096K, 1 young (4096K), 1 survivors (4096K)
 Metaspace       used 13849K, committed 13952K, reserved 1114112K
  class space    used 1295K, committed 1344K, reserved 1048576K
}
Event: 0.621 GC heap before
{Heap before GC invocations=1 (full 0):
 garbage-first heap   total 516096K, used 36504K [0x000000060b800000, 0x0000000800000000)
  region size 4096K, 9 young (36864K), 1 survivors (4096K)
 Metaspace       used 19325K, committed 19520K, reserved 1114112K
  class space    used 1961K, committed 2048K, reserved 1048576K
}
Event: 0.625 GC heap after
{Heap after GC invocations=2 (full 0):
 garbage-first heap   total 516096K, used 5692K [0x000000060b800000, 0x0000000800000000)
  region size 4096K, 2 young (8192K), 2 survivors (8192K)
 Metaspace       used 19325K, committed 19520K, reserved 1114112K
  class space    used 1961K, committed 2048K, reserved 1048576K
}
Event: 0.735 GC heap before
{Heap before GC invocations=2 (full 0):
 garbage-first heap   total 516096K, used 13884K [0x000000060b800000, 0x0000000800000000)
  region size 4096K, 5 young (20480K), 2 survivors (8192K)
 Metaspace       used 21273K, committed 21504K, reserved 1114112K
  class space    used 2153K, committed 2304K, reserved 1048576K
}
Event: 0.738 GC heap after
{Heap after GC invocations=3 (full 0):
 garbage-first heap   total 516096K, used 6885K [0x000000060b800000, 0x0000000800000000)
  region size 4096K, 2 young (8192K), 2 survivors (8192K)
 Metaspace       used 21273K, committed 21504K, reserved 1114112K
  class space    used 2153K, committed 2304K, reserved 1048576K
}
Event: 0.919 GC heap before
{Heap before GC invocations=4 (full 0):
 garbage-first heap   total 40960K, used 39653K [0x000000060b800000, 0x0000000800000000)
  region size 4096K, 10 young (40960K), 2 survivors (8192K)
 Metaspace       used 22436K, committed 22720K, reserved 1114112K
  class space    used 2240K, committed 2368K, reserved 1048576K
}
Event: 0.926 GC heap after
{Heap after GC invocations=5 (full 0):
 garbage-first heap   total 53248K, used 10725K [0x000000060b800000, 0x0000000800000000)
  region size 4096K, 3 young (12288K), 3 survivors (12288K)
 Metaspace       used 22436K, committed 22720K, reserved 1114112K
  class space    used 2240K, committed 2368K, reserved 1048576K
}
Event: 0.980 GC heap before
{Heap before GC invocations=5 (full 0):
 garbage-first heap   total 53248K, used 27109K [0x000000060b800000, 0x0000000800000000)
  region size 4096K, 7 young (28672K), 3 survivors (12288K)
 Metaspace       used 22619K, committed 22912K, reserved 1114112K
  class space    used 2242K, committed 2368K, reserved 1048576K
}
Event: 0.987 GC heap after
{Heap after GC invocations=6 (full 0):
 garbage-first heap   total 53248K, used 12381K [0x000000060b800000, 0x0000000800000000)
  region size 4096K, 1 young (4096K), 1 survivors (4096K)
 Metaspace       used 22619K, committed 22912K, reserved 1114112K
  class space    used 2242K, committed 2368K, reserved 1048576K
}
Event: 1.070 GC heap before
{Heap before GC invocations=6 (full 0):
 garbage-first heap   total 53248K, used 32861K [0x000000060b800000, 0x0000000800000000)
  region size 4096K, 6 young (24576K), 1 survivors (4096K)
 Metaspace       used 22879K, committed 23104K, reserved 1114112K
  class space    used 2243K, committed 2368K, reserved 1048576K
}
Event: 1.072 GC heap after
{Heap after GC invocations=7 (full 0):
 garbage-first heap   total 286720K, used 12541K [0x000000060b800000, 0x0000000800000000)
  region size 4096K, 1 young (4096K), 1 survivors (4096K)
 Metaspace       used 22879K, committed 23104K, reserved 1114112K
  class space    used 2243K, committed 2368K, reserved 1048576K
}
Event: 1.976 GC heap before
{Heap before GC invocations=7 (full 0):
 garbage-first heap   total 286720K, used 151805K [0x000000060b800000, 0x0000000800000000)
  region size 4096K, 29 young (118784K), 1 survivors (4096K)
 Metaspace       used 35646K, committed 35968K, reserved 1114112K
  class space    used 3561K, committed 3712K, reserved 1048576K
}

